<?xml version="1.0" encoding="UTF-8"?>
<testng-results skipped="0" failed="1" ignored="0" total="10" passed="9">
  <reporter-output>
  </reporter-output>
  <suite name="Suite" duration-ms="96" started-at="2021-06-08T17:55:36Z" finished-at="2021-06-08T17:55:36Z">
    <groups>
      <group name="Smoke">
        <method signature="day1.demo1()[pri:0, instance:test.day1@e45f292]" name="demo1" class="test.day1"/>
        <method signature="day3.ApiCarLoan()[pri:0, instance:test.day3@6fd02e5]" name="ApiCarLoan" class="test.day3"/>
        <method signature="day4.ApiHomeLoan()[pri:0, instance:test.day4@5f2108b5]" name="ApiHomeLoan" class="test.day4"/>
      </group> <!-- Smoke -->
    </groups>
    <test name="Personal Loan" duration-ms="96" started-at="2021-06-08T17:55:36Z" finished-at="2021-06-08T17:55:36Z">
      <class name="test.day4">
        <test-method status="PASS" signature="BeforeClass()[pri:0, instance:test.day4@5f2108b5]" name="BeforeClass" is-config="true" duration-ms="0" started-at="2021-06-08T17:55:36Z" finished-at="2021-06-08T17:55:36Z">
          <reporter-output>
          </reporter-output>
        </test-method> <!-- BeforeClass -->
        <test-method status="PASS" signature="ApiHomeLoan()[pri:0, instance:test.day4@5f2108b5]" name="ApiHomeLoan" duration-ms="0" started-at="2021-06-08T17:55:36Z" finished-at="2021-06-08T17:55:36Z">
          <reporter-output>
          </reporter-output>
        </test-method> <!-- ApiHomeLoan -->
        <test-method status="PASS" signature="MobileHomeLoan(java.lang.String, java.lang.String)[pri:0, instance:test.day4@5f2108b5]" name="MobileHomeLoan" duration-ms="0" started-at="2021-06-08T17:55:36Z" data-provider="data" finished-at="2021-06-08T17:55:36Z">
          <params>
            <param index="0">
              <value>
                <![CDATA[me]]>
              </value>
            </param>
            <param index="1">
              <value>
                <![CDATA[12]]>
              </value>
            </param>
          </params>
          <reporter-output>
          </reporter-output>
        </test-method> <!-- MobileHomeLoan -->
        <test-method status="PASS" signature="AfterClass()[pri:0, instance:test.day4@5f2108b5]" name="AfterClass" is-config="true" duration-ms="16" started-at="2021-06-08T17:55:36Z" finished-at="2021-06-08T17:55:36Z">
          <reporter-output>
          </reporter-output>
        </test-method> <!-- AfterClass -->
        <test-method status="PASS" signature="MobileHomeLoan(java.lang.String, java.lang.String)[pri:0, instance:test.day4@5f2108b5]" name="MobileHomeLoan" duration-ms="0" started-at="2021-06-08T17:55:36Z" data-provider="data" finished-at="2021-06-08T17:55:36Z">
          <params>
            <param index="0">
              <value>
                <![CDATA[you]]>
              </value>
            </param>
            <param index="1">
              <value>
                <![CDATA[123]]>
              </value>
            </param>
          </params>
          <reporter-output>
          </reporter-output>
        </test-method> <!-- MobileHomeLoan -->
        <test-method status="PASS" signature="WebHomeLoan()[pri:0, instance:test.day4@5f2108b5]" name="WebHomeLoan" duration-ms="0" started-at="2021-06-08T17:55:36Z" finished-at="2021-06-08T17:55:36Z">
          <reporter-output>
          </reporter-output>
        </test-method> <!-- WebHomeLoan -->
      </class> <!-- test.day4 -->
      <class name="test.day2">
        <test-method status="PASS" signature="prerequisite()[pri:0, instance:test.day2@5bcab519]" name="prerequisite" is-config="true" duration-ms="0" started-at="2021-06-08T17:55:36Z" finished-at="2021-06-08T17:55:36Z">
          <reporter-output>
          </reporter-output>
        </test-method> <!-- prerequisite -->
        <test-method status="PASS" signature="demo3()[pri:0, instance:test.day2@5bcab519]" name="demo3" duration-ms="0" started-at="2021-06-08T17:55:36Z" finished-at="2021-06-08T17:55:36Z">
          <reporter-output>
          </reporter-output>
        </test-method> <!-- demo3 -->
      </class> <!-- test.day2 -->
      <class name="test.day3">
        <test-method status="PASS" signature="beforeSuite()[pri:0, instance:test.day3@6fd02e5]" name="beforeSuite" is-config="true" duration-ms="0" started-at="2021-06-08T17:55:36Z" finished-at="2021-06-08T17:55:36Z">
          <reporter-output>
          </reporter-output>
        </test-method> <!-- beforeSuite -->
        <test-method status="PASS" signature="beforeMethod()[pri:0, instance:test.day3@6fd02e5]" name="beforeMethod" is-config="true" duration-ms="0" started-at="2021-06-08T17:55:36Z" finished-at="2021-06-08T17:55:36Z">
          <reporter-output>
          </reporter-output>
        </test-method> <!-- beforeMethod -->
        <test-method status="PASS" signature="beforeMethod()[pri:0, instance:test.day3@6fd02e5]" name="beforeMethod" is-config="true" duration-ms="0" started-at="2021-06-08T17:55:36Z" finished-at="2021-06-08T17:55:36Z">
          <reporter-output>
          </reporter-output>
        </test-method> <!-- beforeMethod -->
        <test-method status="PASS" signature="AfterMethod()[pri:0, instance:test.day3@6fd02e5]" name="AfterMethod" is-config="true" duration-ms="0" started-at="2021-06-08T17:55:36Z" finished-at="2021-06-08T17:55:36Z">
          <reporter-output>
          </reporter-output>
        </test-method> <!-- AfterMethod -->
        <test-method status="PASS" signature="MobileCarLoan()[pri:0, instance:test.day3@6fd02e5]" name="MobileCarLoan" duration-ms="0" started-at="2021-06-08T17:55:36Z" finished-at="2021-06-08T17:55:36Z">
          <reporter-output>
          </reporter-output>
        </test-method> <!-- MobileCarLoan -->
        <test-method status="PASS" signature="beforeMethod()[pri:0, instance:test.day3@6fd02e5]" name="beforeMethod" is-config="true" duration-ms="16" started-at="2021-06-08T17:55:36Z" finished-at="2021-06-08T17:55:36Z">
          <reporter-output>
          </reporter-output>
        </test-method> <!-- beforeMethod -->
        <test-method status="PASS" signature="ApiCarLoan()[pri:0, instance:test.day3@6fd02e5]" name="ApiCarLoan" duration-ms="0" started-at="2021-06-08T17:55:36Z" finished-at="2021-06-08T17:55:36Z">
          <reporter-output>
          </reporter-output>
        </test-method> <!-- ApiCarLoan -->
        <test-method status="PASS" signature="AfterMethod()[pri:0, instance:test.day3@6fd02e5]" name="AfterMethod" is-config="true" duration-ms="0" started-at="2021-06-08T17:55:36Z" finished-at="2021-06-08T17:55:36Z">
          <reporter-output>
          </reporter-output>
        </test-method> <!-- AfterMethod -->
        <test-method status="PASS" signature="AfterMethod()[pri:0, instance:test.day3@6fd02e5]" name="AfterMethod" is-config="true" duration-ms="0" started-at="2021-06-08T17:55:36Z" finished-at="2021-06-08T17:55:36Z">
          <reporter-output>
          </reporter-output>
        </test-method> <!-- AfterMethod -->
        <test-method status="PASS" signature="WebCarLoan()[pri:0, instance:test.day3@6fd02e5]" name="WebCarLoan" duration-ms="0" started-at="2021-06-08T17:55:36Z" finished-at="2021-06-08T17:55:36Z">
          <reporter-output>
          </reporter-output>
        </test-method> <!-- WebCarLoan -->
        <test-method status="PASS" signature="AfterSuite()[pri:0, instance:test.day3@6fd02e5]" name="AfterSuite" is-config="true" duration-ms="0" started-at="2021-06-08T17:55:36Z" finished-at="2021-06-08T17:55:36Z">
          <reporter-output>
          </reporter-output>
        </test-method> <!-- AfterSuite -->
      </class> <!-- test.day3 -->
      <class name="test.day1">
        <test-method status="FAIL" signature="demo()[pri:0, instance:test.day1@e45f292]" name="demo" duration-ms="17" started-at="2021-06-08T17:55:36Z" finished-at="2021-06-08T17:55:36Z">
          <exception class="java.lang.AssertionError">
            <message>
              <![CDATA[expected [true] but found [false]]]>
            </message>
            <full-stacktrace>
              <![CDATA[java.lang.AssertionError: expected [true] but found [false]
at org.testng.Assert.fail(Assert.java:96)
at org.testng.Assert.failNotEquals(Assert.java:776)
at org.testng.Assert.assertTrue(Assert.java:44)
at org.testng.Assert.assertTrue(Assert.java:54)
at test.day1.demo(day1.java:25)
at sun.reflect.NativeMethodAccessorImpl.invoke0(Native Method)
at sun.reflect.NativeMethodAccessorImpl.invoke(NativeMethodAccessorImpl.java:62)
at sun.reflect.DelegatingMethodAccessorImpl.invoke(DelegatingMethodAccessorImpl.java:43)
at java.lang.reflect.Method.invoke(Method.java:498)
at org.testng.internal.MethodInvocationHelper.invokeMethod(MethodInvocationHelper.java:124)
at org.testng.internal.Invoker.invokeMethod(Invoker.java:580)
at org.testng.internal.Invoker.invokeTestMethod(Invoker.java:716)
at org.testng.internal.Invoker.invokeTestMethods(Invoker.java:988)
at org.testng.internal.TestMethodWorker.invokeTestMethods(TestMethodWorker.java:125)
at org.testng.internal.TestMethodWorker.run(TestMethodWorker.java:109)
at org.testng.TestRunner.privateRun(TestRunner.java:648)
at org.testng.TestRunner.run(TestRunner.java:505)
at org.testng.SuiteRunner.runTest(SuiteRunner.java:455)
at org.testng.SuiteRunner.runSequentially(SuiteRunner.java:450)
at org.testng.SuiteRunner.privateRun(SuiteRunner.java:415)
at org.testng.SuiteRunner.run(SuiteRunner.java:364)
at org.testng.SuiteRunnerWorker.runSuite(SuiteRunnerWorker.java:52)
at org.testng.SuiteRunnerWorker.run(SuiteRunnerWorker.java:84)
at org.testng.TestNG.runSuitesSequentially(TestNG.java:1208)
at org.testng.TestNG.runSuitesLocally(TestNG.java:1137)
at org.testng.TestNG.runSuites(TestNG.java:1049)
at org.testng.TestNG.run(TestNG.java:1017)
at org.testng.remote.AbstractRemoteTestNG.run(AbstractRemoteTestNG.java:114)
at org.testng.remote.RemoteTestNG.initAndRun(RemoteTestNG.java:251)
at org.testng.remote.RemoteTestNG.main(RemoteTestNG.java:77)
]]>
            </full-stacktrace>
          </exception> <!-- java.lang.AssertionError -->
          <reporter-output>
          </reporter-output>
        </test-method> <!-- demo -->
        <test-method status="PASS" signature="demo1()[pri:0, instance:test.day1@e45f292]" name="demo1" duration-ms="0" started-at="2021-06-08T17:55:36Z" finished-at="2021-06-08T17:55:36Z">
          <reporter-output>
          </reporter-output>
        </test-method> <!-- demo1 -->
        <test-method status="PASS" signature="prerequisite()[pri:0, instance:test.day1@e45f292]" name="prerequisite" is-config="true" duration-ms="0" started-at="2021-06-08T17:55:36Z" finished-at="2021-06-08T17:55:36Z">
          <reporter-output>
          </reporter-output>
        </test-method> <!-- prerequisite -->
      </class> <!-- test.day1 -->
    </test> <!-- Personal Loan -->
  </suite> <!-- Suite -->
</testng-results>
